Info:(main.cpp:144) "VNote (v3.17.0) started at 周四 1月 11 14:12:22 2024 (archarm)"
Info:(main.cpp:149) OpenSSL build version: "OpenSSL 3.2.0 23 Nov 2023" link version: "OpenSSL 3.2.0 23 Nov 2023"
Info:(main.cpp:209) locale: "zh_CN"
Info:(thememgr.cpp:98) using theme "pure"
Info:(main.cpp:144) "VNote (v3.17.0) started at 周四 1月 11 14:12:47 2024 (archarm)"
Info:(main.cpp:149) OpenSSL build version: "OpenSSL 3.2.0 23 Nov 2023" link version: "OpenSSL 3.2.0 23 Nov 2023"
Info:(main.cpp:209) locale: "zh_CN"
Info:(thememgr.cpp:98) using theme "pure"
Info:(main.cpp:144) "VNote (v3.17.0) started at 周四 1月 11 14:25:11 2024 (archarm)"
Info:(main.cpp:149) OpenSSL build version: "OpenSSL 3.2.0 23 Nov 2023" link version: "OpenSSL 3.2.0 23 Nov 2023"
Info:(main.cpp:209) locale: "zh_CN"
Info:(thememgr.cpp:98) using theme "pure"
Info:(main.cpp:144) "VNote (v3.17.0) started at 周四 1月 11 14:30:44 2024 (archarm)"
Info:(main.cpp:149) OpenSSL build version: "OpenSSL 3.2.0 23 Nov 2023" link version: "OpenSSL 3.2.0 23 Nov 2023"
Info:(main.cpp:209) locale: "zh_CN"
Info:(thememgr.cpp:98) using theme "pure"
Warning:(:0) No language dictionaries for the language: "zh_CN" trying to load en_US as default
Warning:(markdowneditor.cpp:958) header accross multiple blocks, starting from block 0 "# 笔记"
Warning:(markdowneditor.cpp:958) header accross multiple blocks, starting from block 0 "# 笔记"
Warning:(markdowneditor.cpp:958) header accross multiple blocks, starting from block 0 "# 笔记"
Warning:(markdowneditor.cpp:958) header accross multiple blocks, starting from block 0 "# 笔记"
Warning:(markdowneditor.cpp:958) header accross multiple blocks, starting from block 0 "# 笔记"
Warning:(markdowneditor.cpp:958) header accross multiple blocks, starting from block 0 "# 笔记"
